<?xml version="1.0" encoding="UTF-8"?>
<!-- Generated by org.testng.reporters.JUnitXMLReporter -->
<testsuite ignored="0" hostname="WIN-5CG7431DRQ" failures="1" tests="3" name="SafariTest" time="72.881" errors="0" timestamp="2024-03-01T17:44:21 IST">
  <testcase classname="Siva_test.TestScenario_1" name="TestScenario1" time="6.347"/>
  <testcase classname="Siva_test.TestScenario_2" name="TestScenario2" time="6.248"/>
  <testcase classname="Siva_test.TestScenario_3" name="TestScenario3" time="5.369">
    <failure type="java.lang.AssertionError" message="Both text same.......... expected [Fill out this field] but found [Please fill out this field.]">
      <![CDATA[java.lang.AssertionError: Both text same.......... expected [Fill out this field] but found [Please fill out this field.]
at Siva_test.TestScenario_3.TestScenario3(TestScenario_3.java:72)
at java.base/java.util.ArrayList.forEach(ArrayList.java:1511)
at java.base/java.util.concurrent.FutureTask.run(FutureTask.java:317)
at java.base/java.util.concurrent.ThreadPoolExecutor.runWorker(ThreadPoolExecutor.java:1144)
at java.base/java.util.concurrent.ThreadPoolExecutor$Worker.run(ThreadPoolExecutor.java:642)
at java.base/java.lang.Thread.run(Thread.java:1623)
... Removed 21 stack frames]]>
    </failure>
  </testcase> <!-- TestScenario3 -->
</testsuite> <!-- SafariTest -->
